2022-09-08 09:29:51,534 INFO o.s.b.StartupInfoLogger [main] Starting LaundryappApplication using Java 18.0.2.1 on KangAbbads-MacBook-Pro.local with PID 4683 (/Users/kangabbad/Documents/MyProjects/Java/mini-project/laundryapp/target/classes started by kangabbad in /Users/kangabbad/Documents/MyProjects/Java/mini-project/laundryapp)
2022-09-08 09:29:51,537 INFO o.s.b.SpringApplication [main] No active profile set, falling back to 1 default profile: "default"
2022-09-08 09:29:51,781 INFO o.s.d.r.c.RepositoryConfigurationDelegate [main] Bootstrapping Spring Data JPA repositories in DEFAULT mode.
2022-09-08 09:29:51,798 INFO o.s.d.r.c.RepositoryConfigurationDelegate [main] Finished Spring Data repository scanning in 14 ms. Found 2 JPA repository interfaces.
2022-09-08 09:29:51,990 INFO o.s.b.w.e.t.TomcatWebServer [main] Tomcat initialized with port(s): 8080 (http)
2022-09-08 09:29:51,997 INFO o.a.j.l.DirectJDKLog [main] Initializing ProtocolHandler ["http-nio-8080"]
2022-09-08 09:29:51,998 INFO o.a.j.l.DirectJDKLog [main] Starting service [Tomcat]
2022-09-08 09:29:51,998 INFO o.a.j.l.DirectJDKLog [main] Starting Servlet engine: [Apache Tomcat/9.0.65]
2022-09-08 09:29:52,040 INFO o.a.j.l.DirectJDKLog [main] Initializing Spring embedded WebApplicationContext
2022-09-08 09:29:52,040 INFO o.s.b.w.s.c.ServletWebServerApplicationContext [main] Root WebApplicationContext: initialization completed in 487 ms
2022-09-08 09:29:52,093 INFO o.h.j.i.u.LogHelper [main] HHH000204: Processing PersistenceUnitInfo [name: default]
2022-09-08 09:29:52,118 INFO o.h.Version [main] HHH000412: Hibernate ORM core version 5.6.10.Final
2022-09-08 09:29:52,175 INFO o.h.a.c.r.j.JavaReflectionManager [main] HCANN000001: Hibernate Commons Annotations {5.1.2.Final}
2022-09-08 09:29:52,216 INFO c.z.h.HikariDataSource [main] HikariPool-1 - Starting...
2022-09-08 09:29:52,307 INFO c.z.h.HikariDataSource [main] HikariPool-1 - Start completed.
2022-09-08 09:29:52,315 INFO o.h.d.Dialect [main] HHH000400: Using dialect: org.hibernate.dialect.PostgreSQL9Dialect
2022-09-08 09:29:52,583 INFO o.h.e.t.j.p.i.JtaPlatformInitiator [main] HHH000490: Using JtaPlatform implementation: [org.hibernate.engine.transaction.jta.platform.internal.NoJtaPlatform]
2022-09-08 09:29:52,586 INFO o.s.o.j.AbstractEntityManagerFactoryBean [main] Initialized JPA EntityManagerFactory for persistence unit 'default'
2022-09-08 09:29:52,754 WARN o.s.b.a.o.j.JpaBaseConfiguration$JpaWebConfiguration [main] spring.jpa.open-in-view is enabled by default. Therefore, database queries may be performed during view rendering. Explicitly configure spring.jpa.open-in-view to disable this warning
2022-09-08 09:29:53,048 INFO o.a.j.l.DirectJDKLog [main] Starting ProtocolHandler ["http-nio-8080"]
2022-09-08 09:29:53,055 INFO o.s.b.w.e.t.TomcatWebServer [main] Tomcat started on port(s): 8080 (http) with context path ''
2022-09-08 09:29:53,059 INFO o.s.b.StartupInfoLogger [main] Started LaundryappApplication in 1.7 seconds (JVM running for 1.994)
2022-09-08 09:29:53,929 INFO o.a.j.l.DirectJDKLog [http-nio-8080-exec-1] Initializing Spring DispatcherServlet 'dispatcherServlet'
2022-09-08 09:29:53,929 INFO o.s.w.s.FrameworkServlet [http-nio-8080-exec-1] Initializing Servlet 'dispatcherServlet'
2022-09-08 09:29:53,934 INFO o.s.w.s.FrameworkServlet [http-nio-8080-exec-1] Completed initialization in 5 ms
